0 info it worked if it ends with ok
1 verbose cli [ '/usr/local/Cellar/node/6.2.1/bin/node',
1 verbose cli   '/Users/jgs293/.npm-packages/bin/npm',
1 verbose cli   'start' ]
2 info using npm@3.10.3
3 info using node@v6.2.1
4 verbose run-script [ 'prestart', 'start', 'poststart' ]
5 info lifecycle ChatRoom@0.0.0~prestart: ChatRoom@0.0.0
6 silly lifecycle ChatRoom@0.0.0~prestart: no script for prestart, continuing
7 info lifecycle ChatRoom@0.0.0~start: ChatRoom@0.0.0
8 verbose lifecycle ChatRoom@0.0.0~start: unsafe-perm in lifecycle true
9 verbose lifecycle ChatRoom@0.0.0~start: PATH: /Users/jgs293/.npm-packages/lib/node_modules/npm/bin/node-gyp-bin:/Users/jgs293/Developer/hackapp/IdeaExchange/node_modules/.bin:/usr/local/Cellar/node/6.2.1/bin:/usr/local/Cellar/maven/3.3.9/libexec/bin:/Users/jgs293/.npm-packages/bin:/usr/local/bin:/usr/bin:/bin:/usr/sbin:/sbin:/Users/jgs293/bin:/Users/jgs293/projects/bin:/Applications/SecurityTokenService-0.1.app/Contents/MacOS/
10 verbose lifecycle ChatRoom@0.0.0~start: CWD: /Users/jgs293/Developer/hackapp/IdeaExchange
11 silly lifecycle ChatRoom@0.0.0~start: Args: [ '-c', 'node ./bin/www' ]
12 silly lifecycle ChatRoom@0.0.0~start: Returned: code: 1  signal: null
13 info lifecycle ChatRoom@0.0.0~start: Failed to exec start script
14 verbose stack Error: ChatRoom@0.0.0 start: `node ./bin/www`
14 verbose stack Exit status 1
14 verbose stack     at EventEmitter.<anonymous> (/Users/jgs293/.npm-packages/lib/node_modules/npm/lib/utils/lifecycle.js:242:16)
14 verbose stack     at emitTwo (events.js:106:13)
14 verbose stack     at EventEmitter.emit (events.js:191:7)
14 verbose stack     at ChildProcess.<anonymous> (/Users/jgs293/.npm-packages/lib/node_modules/npm/lib/utils/spawn.js:40:14)
14 verbose stack     at emitTwo (events.js:106:13)
14 verbose stack     at ChildProcess.emit (events.js:191:7)
14 verbose stack     at maybeClose (internal/child_process.js:852:16)
14 verbose stack     at Process.ChildProcess._handle.onexit (internal/child_process.js:215:5)
15 verbose pkgid ChatRoom@0.0.0
16 verbose cwd /Users/jgs293/Developer/hackapp/IdeaExchange
17 error Darwin 15.5.0
18 error argv "/usr/local/Cellar/node/6.2.1/bin/node" "/Users/jgs293/.npm-packages/bin/npm" "start"
19 error node v6.2.1
20 error npm  v3.10.3
21 error code ELIFECYCLE
22 error ChatRoom@0.0.0 start: `node ./bin/www`
22 error Exit status 1
23 error Failed at the ChatRoom@0.0.0 start script 'node ./bin/www'.
23 error Make sure you have the latest version of node.js and npm installed.
23 error If you do, this is most likely a problem with the ChatRoom package,
23 error not with npm itself.
23 error Tell the author that this fails on your system:
23 error     node ./bin/www
23 error You can get information on how to open an issue for this project with:
23 error     npm bugs ChatRoom
23 error Or if that isn't available, you can get their info via:
23 error     npm owner ls ChatRoom
23 error There is likely additional logging output above.
24 verbose exit [ 1, true ]
